{
  "RSpec": {
    "coverage": {
      "D:/ruby_work/company_user_manager_dynamic_lists/config/environment.rb": {
        "lines": [
          null,
          1,
          null,
          null,
          1
        ]
      },
      "D:/ruby_work/company_user_manager_dynamic_lists/config/application.rb": {
        "lines": [
          1,
          null,
          1,
          null,
          null,
          null,
          1,
          null,
          1,
          1,
          null,
          1,
          null,
          null,
          null,
          null,
          null,
          null,
          null,
          null,
          null,
          null
        ]
      },
      "D:/ruby_work/company_user_manager_dynamic_lists/config/boot.rb": {
        "lines": [
          1,
          null,
          1,
          1
        ]
      },
      "D:/ruby_work/company_user_manager_dynamic_lists/config/environments/test.rb": {
        "lines": [
          1,
          null,
          null,
          null,
          null,
          null,
          null,
          1,
          null,
          null,
          1,
          null,
          null,
          null,
          null,
          1,
          null,
          null,
          1,
          1,
          null,
          null,
          null,
          null,
          1,
          1,
          1,
          null,
          null,
          1,
          null,
          null,
          1,
          null,
          null,
          1,
          null,
          1,
          null,
          null,
          null,
          null,
          1,
          null,
          null,
          1,
          null,
          null,
          1,
          null,
          null,
          1,
          null,
          null,
          null,
          null,
          null,
          null,
          null
        ]
      },
      "D:/ruby_work/company_user_manager_dynamic_lists/config/initializers/application_controller_renderer.rb": {
        "lines": [
          null,
          null,
          null,
          null,
          null,
          null,
          null,
          null
        ]
      },
      "D:/ruby_work/company_user_manager_dynamic_lists/config/initializers/assets.rb": {
        "lines": [
          null,
          null,
          null,
          1,
          null,
          null,
          null,
          null,
          1,
          null,
          null,
          null,
          null,
          null
        ]
      },
      "D:/ruby_work/company_user_manager_dynamic_lists/config/initializers/backtrace_silencers.rb": {
        "lines": [
          null,
          null,
          null,
          null,
          null,
          null,
          null,
          1
        ]
      },
      "D:/ruby_work/company_user_manager_dynamic_lists/config/initializers/content_security_policy.rb": {
        "lines": [
          null,
          null,
          null,
          null,
          null,
          null,
          null,
          null,
          null,
          null,
          null,
          null,
          null,
          null,
          null,
          null,
          null,
          null,
          null,
          null,
          null,
          null,
          null,
          null,
          null,
          null,
          null,
          null,
          null,
          null
        ]
      },
      "D:/ruby_work/company_user_manager_dynamic_lists/config/initializers/cookies_serializer.rb": {
        "lines": [
          null,
          null,
          null,
          null,
          1
        ]
      },
      "D:/ruby_work/company_user_manager_dynamic_lists/config/initializers/devise.rb": {
        "lines": [
          null,
          null,
          null,
          null,
          null,
          null,
          null,
          null,
          null,
          null,
          1,
          null,
          null,
          null,
          null,
          null,
          null,
          null,
          null,
          null,
          null,
          null,
          null,
          null,
          null,
          null,
          1,
          null,
          null,
          null,
          null,
          null,
          null,
          null,
          null,
          null,
          null,
          null,
          1,
          null,
          null,
          null,
          null,
          null,
          null,
          null,
          null,
          null,
          null,
          null,
          null,
          null,
          null,
          null,
          null,
          null,
          null,
          null,
          null,
          null,
          1,
          null,
          null,
          null,
          null,
          1,
          null,
          null,
          null,
          null,
          null,
          null,
          null,
          null,
          null,
          null,
          null,
          null,
          null,
          null,
          null,
          null,
          null,
          null,
          null,
          null,
          null,
          null,
          null,
          null,
          null,
          null,
          null,
          null,
          null,
          null,
          null,
          null,
          null,
          1,
          null,
          null,
          null,
          null,
          null,
          null,
          null,
          null,
          null,
          null,
          null,
          null,
          null,
          null,
          null,
          null,
          null,
          null,
          null,
          null,
          null,
          null,
          null,
          null,
          null,
          1,
          null,
          null,
          null,
          null,
          null,
          null,
          null,
          null,
          null,
          null,
          null,
          null,
          null,
          null,
          null,
          null,
          null,
          null,
          null,
          null,
          null,
          null,
          null,
          null,
          null,
          null,
          null,
          null,
          null,
          null,
          null,
          null,
          null,
          1,
          null,
          null,
          null,
          null,
          null,
          null,
          null,
          null,
          null,
          1,
          null,
          null,
          null,
          null,
          null,
          null,
          null,
          null,
          null,
          null,
          1,
          null,
          null,
          null,
          null,
          1,
          null,
          null,
          null,
          null,
          null,
          null,
          null,
          null,
          null,
          null,
          null,
          null,
          null,
          null,
          null,
          null,
          null,
          null,
          null,
          null,
          null,
          null,
          null,
          null,
          null,
          null,
          null,
          null,
          null,
          null,
          null,
          null,
          null,
          null,
          null,
          null,
          null,
          null,
          null,
          null,
          1,
          null,
          null,
          null,
          null,
          null,
          null,
          null,
          null,
          null,
          null,
          null,
          null,
          null,
          null,
          null,
          null,
          null,
          null,
          null,
          1,
          null,
          null,
          null,
          null,
          null,
          null,
          null,
          null,
          null,
          null,
          null,
          null,
          null,
          null,
          null,
          null,
          null,
          null,
          null,
          null,
          null,
          1,
          null,
          null,
          null,
          null,
          null,
          null,
          null,
          null,
          null,
          null,
          null,
          null,
          null,
          null,
          null,
          null,
          null,
          null,
          null,
          null,
          null,
          null,
          null,
          null,
          null,
          null,
          null,
          null,
          null,
          null,
          null,
          null,
          null,
          null,
          null,
          null,
          null,
          null,
          null,
          null,
          null,
          null
        ]
      },
      "D:/ruby_work/company_user_manager_dynamic_lists/config/initializers/filter_parameter_logging.rb": {
        "lines": [
          null,
          null,
          null,
          1,
          null,
          null
        ]
      },
      "D:/ruby_work/company_user_manager_dynamic_lists/config/initializers/inflections.rb": {
        "lines": [
          null,
          null,
          null,
          null,
          null,
          null,
          null,
          null,
          null,
          null,
          null,
          null,
          null,
          null,
          null,
          null
        ]
      },
      "D:/ruby_work/company_user_manager_dynamic_lists/config/initializers/mime_types.rb": {
        "lines": [
          null,
          null,
          null,
          null
        ]
      },
      "D:/ruby_work/company_user_manager_dynamic_lists/config/initializers/permissions_policy.rb": {
        "lines": [
          null,
          null,
          null,
          null,
          null,
          null,
          null,
          null,
          null,
          null,
          null
        ]
      },
      "D:/ruby_work/company_user_manager_dynamic_lists/config/initializers/wrap_parameters.rb": {
        "lines": [
          null,
          null,
          null,
          null,
          null,
          null,
          1,
          2,
          null,
          null,
          null,
          null,
          null,
          null
        ]
      },
      "D:/ruby_work/company_user_manager_dynamic_lists/spec/factories/companies.rb": {
        "lines": [
          1,
          null,
          1,
          1,
          1,
          1,
          1,
          null,
          null
        ]
      },
      "D:/ruby_work/company_user_manager_dynamic_lists/app/models/company.rb": {
        "lines": [
          1,
          1,
          null
        ]
      },
      "D:/ruby_work/company_user_manager_dynamic_lists/app/models/application_record.rb": {
        "lines": [
          1,
          1,
          null
        ]
      },
      "D:/ruby_work/company_user_manager_dynamic_lists/spec/factories/user_roles.rb": {
        "lines": [
          1,
          null,
          1,
          1,
          null,
          null,
          null
        ]
      },
      "D:/ruby_work/company_user_manager_dynamic_lists/app/models/user_role.rb": {
        "lines": [
          1,
          1,
          null
        ]
      },
      "D:/ruby_work/company_user_manager_dynamic_lists/config/routes.rb": {
        "lines": [
          1,
          1,
          1,
          1,
          1,
          1,
          1,
          1,
          1,
          1,
          1,
          1,
          1,
          null,
          null
        ]
      },
      "D:/ruby_work/company_user_manager_dynamic_lists/app/models/user.rb": {
        "lines": [
          1,
          null,
          null,
          1,
          null,
          1,
          1,
          null
        ]
      },
      "D:/ruby_work/company_user_manager_dynamic_lists/app/helpers/application_helper.rb": {
        "lines": [
          1,
          null
        ]
      },
      "D:/ruby_work/company_user_manager_dynamic_lists/app/helpers/cities_helper.rb": {
        "lines": [
          1,
          null
        ]
      },
      "D:/ruby_work/company_user_manager_dynamic_lists/app/helpers/companies_helper.rb": {
        "lines": [
          1,
          null
        ]
      },
      "D:/ruby_work/company_user_manager_dynamic_lists/app/helpers/countries_helper.rb": {
        "lines": [
          1,
          null
        ]
      },
      "D:/ruby_work/company_user_manager_dynamic_lists/app/helpers/home_helper.rb": {
        "lines": [
          1,
          null
        ]
      },
      "D:/ruby_work/company_user_manager_dynamic_lists/app/helpers/nodes_helper.rb": {
        "lines": [
          1,
          null
        ]
      },
      "D:/ruby_work/company_user_manager_dynamic_lists/app/helpers/places_helper.rb": {
        "lines": [
          1,
          null
        ]
      },
      "D:/ruby_work/company_user_manager_dynamic_lists/app/helpers/regions_helper.rb": {
        "lines": [
          1,
          null
        ]
      },
      "D:/ruby_work/company_user_manager_dynamic_lists/app/helpers/states_helper.rb": {
        "lines": [
          1,
          null
        ]
      },
      "D:/ruby_work/company_user_manager_dynamic_lists/app/helpers/user_regions_helper.rb": {
        "lines": [
          1,
          null
        ]
      },
      "D:/ruby_work/company_user_manager_dynamic_lists/app/helpers/user_roles_helper.rb": {
        "lines": [
          1,
          null
        ]
      },
      "D:/ruby_work/company_user_manager_dynamic_lists/app/helpers/users_helper.rb": {
        "lines": [
          1,
          null
        ]
      },
      "D:/ruby_work/company_user_manager_dynamic_lists/spec/support/factory_bot.rb": {
        "lines": [
          1,
          1,
          null,
          null
        ]
      }
    },
    "timestamp": 1619877346
  }
}
